c:\users\tomho\onedrive\documents\university\year_3\advanced_shaders\assignment\assignment\terrain\terrain\debug\vc141.pdb
c:\users\tomho\onedrive\documents\university\year_3\advanced_shaders\assignment\assignment\terrain\terrain\debug\vc141.idb
c:\users\tomho\onedrive\documents\university\year_3\advanced_shaders\assignment\assignment\terrain\terrain\debug\terrain.obj
c:\users\tomho\onedrive\documents\university\year_3\advanced_shaders\assignment\assignment\terrain\terrain\debug\stb_image.obj
c:\users\tomho\onedrive\documents\university\year_3\advanced_shaders\assignment\assignment\terrain\terrain\debug\source.obj
c:\users\tomho\onedrive\documents\university\year_3\advanced_shaders\assignment\assignment\terrain\terrain\debug\shader.obj
c:\users\tomho\onedrive\documents\university\year_3\advanced_shaders\assignment\assignment\terrain\terrain\debug\model.obj
c:\users\tomho\onedrive\documents\university\year_3\advanced_shaders\assignment\assignment\terrain\terrain\debug\mesh.obj
c:\users\tomho\onedrive\documents\university\year_3\advanced_shaders\assignment\assignment\terrain\terrain\debug\isco.obj
c:\users\tomho\onedrive\documents\university\year_3\advanced_shaders\assignment\assignment\terrain\terrain\debug\camera.obj
c:\users\tomho\onedrive\documents\university\year_3\advanced_shaders\assignment\assignment\terrain\terrain\debug\billboard.obj
c:\users\tomho\onedrive\documents\university\year_3\advanced_shaders\assignment\assignment\terrain\terrain\debug\glad.obj
c:\users\tomho\onedrive\documents\university\year_3\advanced_shaders\assignment\assignment\terrain\debug\terrain.ilk
c:\users\tomho\onedrive\documents\university\year_3\advanced_shaders\assignment\assignment\terrain\debug\terrain.exe
c:\users\tomho\onedrive\documents\university\year_3\advanced_shaders\assignment\assignment\terrain\debug\terrain.pdb
c:\users\tomho\onedrive\documents\university\year_3\advanced_shaders\assignment\assignment\terrain\terrain\debug\terrain.tlog\cl.command.1.tlog
c:\users\tomho\onedrive\documents\university\year_3\advanced_shaders\assignment\assignment\terrain\terrain\debug\terrain.tlog\cl.read.1.tlog
c:\users\tomho\onedrive\documents\university\year_3\advanced_shaders\assignment\assignment\terrain\terrain\debug\terrain.tlog\cl.write.1.tlog
c:\users\tomho\onedrive\documents\university\year_3\advanced_shaders\assignment\assignment\terrain\terrain\debug\terrain.tlog\link.command.1.tlog
c:\users\tomho\onedrive\documents\university\year_3\advanced_shaders\assignment\assignment\terrain\terrain\debug\terrain.tlog\link.read.1.tlog
c:\users\tomho\onedrive\documents\university\year_3\advanced_shaders\assignment\assignment\terrain\terrain\debug\terrain.tlog\link.write.1.tlog
